\BOOKMARK [0][-]{chapter.1}{Theory}{}
\BOOKMARK [1][-]{section.1.1}{Higgs Phenomenology}{chapter.1}
\BOOKMARK [0][-]{chapter.2}{Neutral MSSM Higgs Search...}{}
\BOOKMARK [1][-]{section.2.1}{The Search Strategy}{chapter.2}
\BOOKMARK [2][-]{subsection.2.1.1}{Motivation}{section.2.1}
\BOOKMARK [2][-]{subsection.2.1.2}{How to search for new phenomena?}{section.2.1}
\BOOKMARK [2][-]{subsection.2.1.3}{Signal Topology}{section.2.1}
\BOOKMARK [2][-]{subsection.2.1.4}{How to deal with Backgrounds}{section.2.1}
\BOOKMARK [2][-]{subsection.2.1.5}{Missing Mass Calculator}{section.2.1}
\BOOKMARK [1][-]{section.2.2}{Background Modeling}{chapter.2}
\BOOKMARK [2][-]{subsection.2.2.1}{MC samples}{section.2.2}
\BOOKMARK [2][-]{subsection.2.2.2}{Embedding}{section.2.2}
\BOOKMARK [2][-]{subsection.2.2.3}{ABCD Method for QCD}{section.2.2}
\BOOKMARK [2][-]{subsection.2.2.4}{Top validation}{section.2.2}
\BOOKMARK [2][-]{subsection.2.2.5}{Systematics}{section.2.2}
\BOOKMARK [1][-]{section.2.3}{Results}{chapter.2}
\BOOKMARK [2][-]{subsection.2.3.1}{Statistics}{section.2.3}
\BOOKMARK [2][-]{subsection.2.3.2}{Exclusion Limits}{section.2.3}
\BOOKMARK [2][-]{subsection.2.3.3}{Summary}{section.2.3}
\BOOKMARK [1][-]{section..1}{Object Reconstruction, Preselection and Efficiency Corrections}{chapter.2}
\BOOKMARK [2][-]{subsection..1.1}{Electrons}{section..1}
\BOOKMARK [2][-]{subsection..1.2}{Muons}{section..1}
\BOOKMARK [2][-]{subsection..1.3}{Jets}{section..1}
\BOOKMARK [2][-]{subsection..1.4}{b-Tagging}{section..1}
\BOOKMARK [2][-]{subsection..1.5}{Taus}{section..1}
\BOOKMARK [2][-]{subsection..1.6}{Overlap Removal}{section..1}
\BOOKMARK [2][-]{subsection..1.7}{Missing Transverse Energy}{section..1}
\BOOKMARK [2][-]{subsection..1.8}{Vertices}{section..1}
\BOOKMARK [2][-]{subsection..1.9}{Event Cleaning}{section..1}
\BOOKMARK [2][-]{subsection..1.10}{Monte Carlo Corrections}{section..1}
